# JRE version: OpenJDK Runtime Environment Temurin-21.0.10+7 (21.0.10+7) (build 21.0.10+7-LTS)
# Java VM: OpenJDK 64-Bit Server VM Temurin-21.0.10+7 (21.0.10+7-LTS, mixed mode, sharing, tiered, compressed oops, compressed class ptrs, g1 gc, windows-amd64)
GC Precious Log:
 CardTable entry size: 512
 Card Set container configuration: InlinePtr #cards 4 size 8 Array Of Cards #cards 32 size 80 Howl #buckets 8 coarsen threshold 7372 Howl Bitmap #cards 1024 size 144 coarsen threshold 921 Card regions per heap region 1 cards per card region 8192
 CPUs: 8 total, 8 available
 Memory: 6058M
 Large Page Support: Disabled
 NUMA Support: Disabled
 Compressed Oops: Enabled (Zero based)
 Heap Region Size: 4M
 Heap Min Capacity: 8M
 Heap Initial Capacity: 96M
 Heap Max Capacity: 8G
 Pre-touch: Disabled
 Parallel Workers: 8
 Concurrent Workers: 2
 Concurrent Refinement Workers: 8
 Periodic GC: Disabled
Heap:
 garbage-first heap   total 1748992K, used 442197K [0x0000000600000000, 0x0000000800000000)
  region size 4096K, 8 young (32768K), 8 survivors (32768K)
 Metaspace       used 146386K, committed 149312K, reserved 1179648K
  class space    used 19635K, committed 21056K, reserved 1048576K
GC Heap History (20 events):
Event: 3852.993 GC heap after
{Heap after GC invocations=85 (full 0):
 garbage-first heap   total 884736K, used 353581K [0x0000000600000000, 0x0000000800000000)
  region size 4096K, 1 young (4096K), 1 survivors (4096K)
 Metaspace       used 144678K, committed 147648K, reserved 1179648K
  class space    used 19595K, committed 20992K, reserved 1048576K
}
Event: 3864.045 GC heap before
{Heap before GC invocations=85 (full 0):
 garbage-first heap   total 884736K, used 636205K [0x0000000600000000, 0x0000000800000000)
  region size 4096K, 71 young (290816K), 1 survivors (4096K)
 Metaspace       used 145035K, committed 147968K, reserved 1179648K
  class space    used 19606K, committed 20992K, reserved 1048576K
}
Event: 3864.106 GC heap after
{Heap after GC invocations=86 (full 0):
 garbage-first heap   total 884736K, used 390148K [0x0000000600000000, 0x0000000800000000)
  region size 4096K, 9 young (36864K), 9 survivors (36864K)
 Metaspace       used 145035K, committed 147968K, reserved 1179648K
  class space    used 19606K, committed 20992K, reserved 1048576K
}
Event: 3872.267 GC heap before
{Heap before GC invocations=87 (full 0):
 garbage-first heap   total 884736K, used 676868K [0x0000000600000000, 0x0000000800000000)
  region size 4096K, 84 young (344064K), 9 survivors (36864K)
 Metaspace       used 145537K, committed 148480K, reserved 1179648K
  class space    used 19621K, committed 21056K, reserved 1048576K
}
Event: 3872.457 GC heap after
{Heap after GC invocations=88 (full 0):
 garbage-first heap   total 884736K, used 429795K [0x0000000600000000, 0x0000000800000000)
  region size 4096K, 11 young (45056K), 11 survivors (45056K)
 Metaspace       used 145537K, committed 148480K, reserved 1179648K
  class space    used 19621K, committed 21056K, reserved 1048576K
}
Event: 3872.507 GC heap before
{Heap before GC invocations=88 (full 0):
 garbage-first heap   total 884736K, used 433891K [0x0000000600000000, 0x0000000800000000)
  region size 4096K, 12 young (49152K), 11 survivors (45056K)
 Metaspace       used 145541K, committed 148480K, reserved 1179648K
  class space    used 19621K, committed 21056K, reserved 1048576K
}
Event: 3873.399 GC heap after
{Heap after GC invocations=89 (full 0):
 garbage-first heap   total 1748992K, used 421523K [0x0000000600000000, 0x0000000800000000)
  region size 4096K, 1 young (4096K), 1 survivors (4096K)
 Metaspace       used 145541K, committed 148480K, reserved 1179648K
  class space    used 19621K, committed 21056K, reserved 1048576K
}
Event: 5028.626 GC heap before
{Heap before GC invocations=89 (full 0):
 garbage-first heap   total 1748992K, used 503443K [0x0000000600000000, 0x0000000800000000)
  region size 4096K, 21 young (86016K), 1 survivors (4096K)
 Metaspace       used 145653K, committed 148608K, reserved 1179648K
  class space    used 19627K, committed 21056K, reserved 1048576K
}
Event: 5028.922 GC heap after
{Heap after GC invocations=90 (full 0):
 garbage-first heap   total 1748992K, used 419946K [0x0000000600000000, 0x0000000800000000)
  region size 4096K, 3 young (12288K), 3 survivors (12288K)
 Metaspace       used 145653K, committed 148608K, reserved 1179648K
  class space    used 19627K, committed 21056K, reserved 1048576K
}
Event: 5031.482 GC heap before
{Heap before GC invocations=90 (full 0):
 garbage-first heap   total 1748992K, used 489578K [0x0000000600000000, 0x0000000800000000)
  region size 4096K, 21 young (86016K), 3 survivors (12288K)
 Metaspace       used 145700K, committed 148608K, reserved 1179648K
  class space    used 19628K, committed 21056K, reserved 1048576K
}
Event: 5031.533 GC heap after
{Heap after GC invocations=91 (full 0):
 garbage-first heap   total 1748992K, used 410552K [0x0000000600000000, 0x0000000800000000)
  region size 4096K, 2 young (8192K), 2 survivors (8192K)
 Metaspace       used 145700K, committed 148608K, reserved 1179648K
  class space    used 19628K, committed 21056K, reserved 1048576K
}
Event: 5033.605 GC heap before
{Heap before GC invocations=91 (full 0):
 garbage-first heap   total 1748992K, used 488376K [0x0000000600000000, 0x0000000800000000)
  region size 4096K, 21 young (86016K), 2 survivors (8192K)
 Metaspace       used 145794K, committed 148800K, reserved 1179648K
  class space    used 19630K, committed 21056K, reserved 1048576K
}
Event: 5033.655 GC heap after
{Heap after GC invocations=92 (full 0):
 garbage-first heap   total 1748992K, used 408028K [0x0000000600000000, 0x0000000800000000)
  region size 4096K, 3 young (12288K), 3 survivors (12288K)
 Metaspace       used 145794K, committed 148800K, reserved 1179648K
  class space    used 19630K, committed 21056K, reserved 1048576K
}
Event: 5034.684 GC heap before
{Heap before GC invocations=92 (full 0):
 garbage-first heap   total 1748992K, used 481756K [0x0000000600000000, 0x0000000800000000)
  region size 4096K, 21 young (86016K), 3 survivors (12288K)
 Metaspace       used 145976K, committed 148928K, reserved 1179648K
  class space    used 19630K, committed 21056K, reserved 1048576K
}
Event: 5034.749 GC heap after
{Heap after GC invocations=93 (full 0):
 garbage-first heap   total 1748992K, used 405728K [0x0000000600000000, 0x0000000800000000)
  region size 4096K, 3 young (12288K), 3 survivors (12288K)
 Metaspace       used 145976K, committed 148928K, reserved 1179648K
  class space    used 19630K, committed 21056K, reserved 1048576K
}
Event: 5035.999 GC heap before
{Heap before GC invocations=93 (full 0):
 garbage-first heap   total 1748992K, used 479456K [0x0000000600000000, 0x0000000800000000)
  region size 4096K, 21 young (86016K), 3 survivors (12288K)
 Metaspace       used 146099K, committed 149056K, reserved 1179648K
  class space    used 19632K, committed 21056K, reserved 1048576K
}
Event: 5036.063 GC heap after
{Heap after GC invocations=94 (full 0):
 garbage-first heap   total 1748992K, used 400859K [0x0000000600000000, 0x0000000800000000)
  region size 4096K, 3 young (12288K), 3 survivors (12288K)
 Metaspace       used 146099K, committed 149056K, reserved 1179648K
  class space    used 19632K, committed 21056K, reserved 1048576K
}
Event: 5036.695 GC heap before
{Heap before GC invocations=94 (full 0):
 garbage-first heap   total 1748992K, used 474587K [0x0000000600000000, 0x0000000800000000)
  region size 4096K, 21 young (86016K), 3 survivors (12288K)
 Metaspace       used 146150K, committed 149120K, reserved 1179648K
  class space    used 19633K, committed 21056K, reserved 1048576K
}
Event: 5036.749 GC heap after
{Heap after GC invocations=95 (full 0):
 garbage-first heap   total 1748992K, used 405504K [0x0000000600000000, 0x0000000800000000)
  region size 4096K, 2 young (8192K), 2 survivors (8192K)
 Metaspace       used 146150K, committed 149120K, reserved 1179648K
  class space    used 19633K, committed 21056K, reserved 1048576K
}
Event: 5039.295 GC heap before
{Heap before GC invocations=95 (full 0):
 garbage-first heap   total 1748992K, used 634880K [0x0000000600000000, 0x0000000800000000)
  region size 4096K, 58 young (237568K), 2 survivors (8192K)
 Metaspace       used 146386K, committed 149312K, reserved 1179648K
  class space    used 19635K, committed 21056K, reserved 1048576K
}

